C1:3:A!:-:1:6:A:A!

1:10:prop A:-:1:15:acc A:1.1-A?
1:10:prop A:-:2:18:acc A:1.1-A?
1:10:prop A:-:3:17:acc A:1.1-A?

1:15:ack A:-:1:22:acc A:1.1-A!
2:18:ack A:-:1:24:acc A:1.1-A!
3:17:ack A:-:1:26:acc A:1.1-A!

1:26: A:-:1:33:com A:1.1=A!
1:26: A:-:2:34:com A:1.1=A!
1:26: A:-:3:35:com A:1.1=A!
1:26: A:-:4:34:com A:1.1=A!
1:26: A:-:5:38:com A:1.1=A!

4:20:acc C:-:5:24:acc C:C.1-C!
5:12:prop C:-:3:26:acc C:5.1-C?
5:12:prop C:-:4:20:acc C:5.1-C?
5:12:prop C:-:5:18:acc C:5.1-C?
5:18:ack C:-:5:24:ack C:5.1-C!
3:26:nack C:.:5:32:ack A,C:5.1,1.1-C!

C2:3:C:-:5:8:C:C!

5:39:prop A,C:-:3:45:acc A,C:5.1,1.1-C?
5:39:prop A,C:-:4:44:acc A,C:5.1,1.1-C?
5:39:prop A,C:-:5:46:acc A,C:5.1,1.1-C?

4:45::-:5:52:ack C:5.1,1.1-C!
5:46::-:5:52:ack C:5.1,1.1-C
3:45::-:5:52:ack A,C:5.1,1.1-C

5:53: A:-:1:60:com A:5.1,1.1=C!
5:53: A:-:2:61:com A:5.1,1.1=C!
5:53: A:-:3:60:com A:5.1,1.1=C!
5:53: A:-:4:62:com A:5.1,1.1=C!
5:53: A:-:5:60:com A:5.1,1.1=C!

